#
# There is insufficient memory for the Java Runtime Environment to continue.
# Native memory allocation (malloc) failed to allocate 162896 bytes for Chunk::new
# Possible reasons:
#   The system is out of physical RAM or swap space
#   The process is running with CompressedOops enabled, and the Java Heap may be blocking the growth of the native heap
# Possible solutions:
#   Reduce memory load on the system
#   Increase physical memory or swap space
#   Check if swap backing store is full
#   Decrease Java heap size (-Xmx/-Xms)
#   Decrease number of Java threads
#   Decrease Java thread stack sizes (-Xss)
#   Set larger code cache with -XX:ReservedCodeCacheSize=
#   JVM is running with Zero Based Compressed Oops mode in which the Java heap is
#     placed in the first 32GB address space. The Java Heap base address is the
#     maximum limit for the native heap growth. Please use -XX:HeapBaseMinAddress
#     to set the Java Heap base and to place the Java Heap above 32GB virtual address.
# This output file may be truncated or incomplete.
#
#  Out of Memory Error (arena.cpp:189), pid=28772, tid=27772
#
# JRE version: Java(TM) SE Runtime Environment (17.0.1+12) (build 17.0.1+12-LTS-39)
# Java VM: Java HotSpot(TM) 64-Bit Server VM (17.0.1+12-LTS-39, mixed mode, sharing, tiered, compressed oops, compressed class ptrs, g1 gc, windows-amd64)
# No core dump will be written. Minidumps are not enabled by default on client versions of Windows
#

---------------  S U M M A R Y ------------

Command Line: --module-path=C:\Program Files\Java\javafx-sdk-17.0.1\lib --add-modules=javafx.controls,javafx.fxml -Dfile.encoding=Cp1252 -XX:+ShowCodeDetailsInExceptionMessages ServerGUI

Host: 11th Gen Intel(R) Core(TM) i7-1165G7 @ 2.80GHz, 8 cores, 15G,  Windows 10 , 64 bit Build 22000 (10.0.22000.613)
Time: Fri Apr 29 14:08:50 2022 Eastern Daylight Time elapsed time: 0.383446 seconds (0d 0h 0m 0s)

---------------  T H R E A D  ---------------

Current thread (0x00000223a1139be0):  JavaThread "C2 CompilerThread1" daemon [_thread_in_native, id=27772, stack(0x000000f397b00000,0x000000f397c00000)]


Current CompileTask:
C2:    383  317       4       java.util.HashMap::putVal (300 bytes)

Stack: [0x000000f397b00000,0x000000f397c00000]
Native frames: (J=compiled Java code, j=interpreted, Vv=VM code, C=native code)
V  [jvm.dll+0x66fa1a]
V  [jvm.dll+0x7ce5a4]
V  [jvm.dll+0x7cfd4e]
V  [jvm.dll+0x7d03b3]
V  [jvm.dll+0x242b05]
V  [jvm.dll+0xaa05b]
V  [jvm.dll+0xaa5ec]
V  [jvm.dll+0x2a953f]
V  [jvm.dll+0x5785a9]
V  [jvm.dll+0x21dd7d]
V  [jvm.dll+0x2176d9]
V  [jvm.dll+0x214f05]
V  [jvm.dll+0x1a168d]
V  [jvm.dll+0x224848]
V  [jvm.dll+0x2229ac]
V  [jvm.dll+0x78435b]
V  [jvm.dll+0x77e91a]
V  [jvm.dll+0x66e845]
C  [ucrtbase.dll+0x26c0c]
C  [KERNEL32.DLL+0x154e0]
C  [ntdll.dll+0x485b]


---------------  P R O C E S S  ---------------

Threads class SMR info:
_java_thread_list=0x00000223a1795b30, length=14, elements={
0x00000223fd2fd900, 0x00000223ff911720, 0x00000223ff9122d0, 0x00000223ff928fc0,
0x00000223ff92bd80, 0x00000223ff92c730, 0x00000223ff92e0f0, 0x00000223a1012330,
0x00000223a1035870, 0x00000223a1035d80, 0x00000223ff8fc3d0, 0x00000223a1139be0,
0x00000223a1215c00, 0x00000223a141a700
}

Java Threads: ( => current thread )
  0x00000223fd2fd900 JavaThread "main" [_thread_in_Java, id=23800, stack(0x000000f396a00000,0x000000f396b00000)]
  0x00000223ff911720 JavaThread "Reference Handler" daemon [_thread_blocked, id=9888, stack(0x000000f397100000,0x000000f397200000)]
  0x00000223ff9122d0 JavaThread "Finalizer" daemon [_thread_blocked, id=21828, stack(0x000000f397200000,0x000000f397300000)]
  0x00000223ff928fc0 JavaThread "Signal Dispatcher" daemon [_thread_blocked, id=9460, stack(0x000000f397300000,0x000000f397400000)]
  0x00000223ff92bd80 JavaThread "Attach Listener" daemon [_thread_blocked, id=21544, stack(0x000000f397400000,0x000000f397500000)]
  0x00000223ff92c730 JavaThread "Service Thread" daemon [_thread_blocked, id=664, stack(0x000000f397500000,0x000000f397600000)]
  0x00000223ff92e0f0 JavaThread "Monitor Deflation Thread" daemon [_thread_blocked, id=32656, stack(0x000000f397600000,0x000000f397700000)]
  0x00000223a1012330 JavaThread "C2 CompilerThread0" daemon [_thread_in_native, id=22132, stack(0x000000f397700000,0x000000f397800000)]
  0x00000223a1035870 JavaThread "C1 CompilerThread0" daemon [_thread_in_vm, id=1932, stack(0x000000f397800000,0x000000f397900000)]
  0x00000223a1035d80 JavaThread "Sweeper thread" daemon [_thread_blocked, id=30388, stack(0x000000f397900000,0x000000f397a00000)]
  0x00000223ff8fc3d0 JavaThread "Common-Cleaner" daemon [_thread_blocked, id=18732, stack(0x000000f397a00000,0x000000f397b00000)]
=>0x00000223a1139be0 JavaThread "C2 CompilerThread1" daemon [_thread_in_native, id=27772, stack(0x000000f397b00000,0x000000f397c00000)]
  0x00000223a1215c00 JavaThread "C2 CompilerThread2" daemon [_thread_in_native, id=23920, stack(0x000000f397c00000,0x000000f397d00000)]
  0x00000223a141a700 JavaThread "Notification Thread" daemon [_thread_blocked, id=5916, stack(0x000000f397d00000,0x000000f397e00000)]

Other Threads:
  0x00000223ff90bc80 VMThread "VM Thread" [stack: 0x000000f397000000,0x000000f397100000] [id=22624]
  0x00000223a1721e80 WatcherThread [stack: 0x000000f397e00000,0x000000f397f00000] [id=4200]
  0x00000223fd34d480 GCTaskThread "GC Thread#0" [stack: 0x000000f396b00000,0x000000f396c00000] [id=9584]
  0x00000223fd35df00 ConcurrentGCThread "G1 Main Marker" [stack: 0x000000f396c00000,0x000000f396d00000] [id=4084]
  0x00000223fd35e910 ConcurrentGCThread "G1 Conc#0" [stack: 0x000000f396d00000,0x000000f396e00000] [id=2516]
  0x00000223fd3dd140 ConcurrentGCThread "G1 Refine#0" [stack: 0x000000f396e00000,0x000000f396f00000] [id=11368]
  0x00000223fd3ddb60 ConcurrentGCThread "G1 Service" [stack: 0x000000f396f00000,0x000000f397000000] [id=31996]

Threads with active compile tasks:
C2 CompilerThread0      392  286       4       java.util.stream.ReferencePipeline$3$1::accept (23 bytes)
C1 CompilerThread0      392  376       3       java.util.Arrays::equals (57 bytes)
C2 CompilerThread1      392  317       4       java.util.HashMap::putVal (300 bytes)
C2 CompilerThread2      392  299       4       jdk.internal.module.Checks::isTypeName (49 bytes)

VM state: not at safepoint (normal execution)

VM Mutex/Monitor currently owned by a thread: None

Heap address: 0x0000000704c00000, size: 4020 MB, Compressed Oops mode: Zero based, Oop shift amount: 3

CDS archive(s) mapped at: [0x0000000800000000-0x0000000800bc0000-0x0000000800bc0000), size 12320768, SharedBaseAddress: 0x0000000800000000, ArchiveRelocationMode: 0.
Compressed class space mapped at: 0x0000000800c00000-0x0000000840c00000, reserved size: 1073741824
Narrow klass base: 0x0000000800000000, Narrow klass shift: 0, Narrow klass range: 0x100000000

GC Precious Log:
 CPUs: 8 total, 8 available
 Memory: 16075M
 Large Page Support: Disabled
 NUMA Support: Disabled
 Compressed Oops: Enabled (Zero based)
 Heap Region Size: 2M
 Heap Min Capacity: 8M
 Heap Initial Capacity: 252M
 Heap Max Capacity: 4020M
 Pre-touch: Disabled
 Parallel Workers: 8
 Concurrent Workers: 2
 Concurrent Refinement Workers: 8
 Periodic GC: Disabled

Heap:
 garbage-first heap   total 258048K, used 6144K [0x0000000704c00000, 0x0000000800000000)
  region size 2048K, 4 young (8192K), 0 survivors (0K)
 Metaspace       used 626K, committed 768K, reserved 1056768K
  class space    used 46K, committed 128K, reserved 1048576K

Heap Regions: E=young(eden), S=young(survivor), O=old, HS=humongous(starts), HC=humongous(continues), CS=collection set, F=free, OA=open archive, CA=closed archive, TAMS=top-at-mark-start (previous, next)
|   0|0x0000000704c00000, 0x0000000704c00000, 0x0000000704e00000|  0%| F|  |TAMS 0x0000000704c00000, 0x0000000704c00000| Untracked 
|   1|0x0000000704e00000, 0x0000000704e00000, 0x0000000705000000|  0%| F|  |TAMS 0x0000000704e00000, 0x0000000704e00000| Untracked 
|   2|0x0000000705000000, 0x0000000705000000, 0x0000000705200000|  0%| F|  |TAMS 0x0000000705000000, 0x0000000705000000| Untracked 
|   3|0x0000000705200000, 0x0000000705200000, 0x0000000705400000|  0%| F|  |TAMS 0x0000000705200000, 0x0000000705200000| Untracked 
|   4|0x0000000705400000, 0x0000000705400000, 0x0000000705600000|  0%| F|  |TAMS 0x0000000705400000, 0x0000000705400000| Untracked 
|   5|0x0000000705600000, 0x0000000705600000, 0x0000000705800000|  0%| F|  |TAMS 0x0000000705600000, 0x0000000705600000| Untracked 
|   6|0x0000000705800000, 0x0000000705800000, 0x0000000705a00000|  0%| F|  |TAMS 0x0000000705800000, 0x0000000705800000| Untracked 
|   7|0x0000000705a00000, 0x0000000705a00000, 0x0000000705c00000|  0%| F|  |TAMS 0x0000000705a00000, 0x0000000705a00000| Untracked 
|   8|0x0000000705c00000, 0x0000000705c00000, 0x0000000705e00000|  0%| F|  |TAMS 0x0000000705c00000, 0x0000000705c00000| Untracked 
|   9|0x0000000705e00000, 0x0000000705e00000, 0x0000000706000000|  0%| F|  |TAMS 0x0000000705e00000, 0x0000000705e00000| Untracked 
|  10|0x0000000706000000, 0x0000000706000000, 0x0000000706200000|  0%| F|  |TAMS 0x0000000706000000, 0x0000000706000000| Untracked 
|  11|0x0000000706200000, 0x0000000706200000, 0x0000000706400000|  0%| F|  |TAMS 0x0000000706200000, 0x0000000706200000| Untracked 
|  12|0x0000000706400000, 0x0000000706400000, 0x0000000706600000|  0%| F|  |TAMS 0x0000000706400000, 0x0000000706400000| Untracked 
|  13|0x0000000706600000, 0x0000000706600000, 0x0000000706800000|  0%| F|  |TAMS 0x0000000706600000, 0x0000000706600000| Untracked 
|  14|0x0000000706800000, 0x0000000706800000, 0x0000000706a00000|  0%| F|  |TAMS 0x0000000706800000, 0x0000000706800000| Untracked 
|  15|0x0000000706a00000, 0x0000000706a00000, 0x0000000706c00000|  0%| F|  |TAMS 0x0000000706a00000, 0x0000000706a00000| Untracked 
|  16|0x0000000706c00000, 0x0000000706c00000, 0x0000000706e00000|  0%| F|  |TAMS 0x0000000706c00000, 0x0000000706c00000| Untracked 
|  17|0x0000000706e00000, 0x0000000706e00000, 0x0000000707000000|  0%| F|  |TAMS 0x0000000706e00000, 0x0000000706e00000| Untracked 
|  18|0x0000000707000000, 0x0000000707000000, 0x0000000707200000|  0%| F|  |TAMS 0x0000000707000000, 0x0000000707000000| Untracked 
|  19|0x0000000707200000, 0x0000000707200000, 0x0000000707400000|  0%| F|  |TAMS 0x0000000707200000, 0x0000000707200000| Untracked 
|  20|0x0000000707400000, 0x0000000707400000, 0x0000000707600000|  0%| F|  |TAMS 0x0000000707400000, 0x0000000707400000| Untracked 
|  21|0x0000000707600000, 0x0000000707600000, 0x0000000707800000|  0%| F|  |TAMS 0x0000000707600000, 0x0000000707600000| Untracked 
|  22|0x0000000707800000, 0x0000000707800000, 0x0000000707a00000|  0%| F|  |TAMS 0x0000000707800000, 0x0000000707800000| Untracked 
|  23|0x0000000707a00000, 0x0000000707a00000, 0x0000000707c00000|  0%| F|  |TAMS 0x0000000707a00000, 0x0000000707a00000| Untracked 
|  24|0x0000000707c00000, 0x0000000707c00000, 0x0000000707e00000|  0%| F|  |TAMS 0x0000000707c00000, 0x0000000707c00000| Untracked 
|  25|0x0000000707e00000, 0x0000000707e00000, 0x0000000708000000|  0%| F|  |TAMS 0x0000000707e00000, 0x0000000707e00000| Untracked 
|  26|0x0000000708000000, 0x0000000708000000, 0x0000000708200000|  0%| F|  |TAMS 0x0000000708000000, 0x0000000708000000| Untracked 
|  27|0x0000000708200000, 0x0000000708200000, 0x0000000708400000|  0%| F|  |TAMS 0x0000000708200000, 0x0000000708200000| Untracked 
|  28|0x0000000708400000, 0x0000000708400000, 0x0000000708600000|  0%| F|  |TAMS 0x0000000708400000, 0x0000000708400000| Untracked 
|  29|0x0000000708600000, 0x0000000708600000, 0x0000000708800000|  0%| F|  |TAMS 0x0000000708600000, 0x0000000708600000| Untracked 
|  30|0x0000000708800000, 0x0000000708800000, 0x0000000708a00000|  0%| F|  |TAMS 0x0000000708800000, 0x0000000708800000| Untracked 
|  31|0x0000000708a00000, 0x0000000708a00000, 0x0000000708c00000|  0%| F|  |TAMS 0x0000000708a00000, 0x0000000708a00000| Untracked 
|  32|0x0000000708c00000, 0x0000000708c00000, 0x0000000708e00000|  0%| F|  |TAMS 0x0000000708c00000, 0x0000000708c00000| Untracked 
|  33|0x0000000708e00000, 0x0000000708e00000, 0x0000000709000000|  0%| F|  |TAMS 0x0000000708e00000, 0x0000000708e00000| Untracked 
|  34|0x0000000709000000, 0x0000000709000000, 0x0000000709200000|  0%| F|  |TAMS 0x0000000709000000, 0x0000000709000000| Untracked 
|  35|0x0000000709200000, 0x0000000709200000, 0x0000000709400000|  0%| F|  |TAMS 0x0000000709200000, 0x0000000709200000| Untracked 
|  36|0x0000000709400000, 0x0000000709400000, 0x0000000709600000|  0%| F|  |TAMS 0x0000000709400000, 0x0000000709400000| Untracked 
|  37|0x0000000709600000, 0x0000000709600000, 0x0000000709800000|  0%| F|  |TAMS 0x0000000709600000, 0x0000000709600000| Untracked 
|  38|0x0000000709800000, 0x0000000709800000, 0x0000000709a00000|  0%| F|  |TAMS 0x0000000709800000, 0x0000000709800000| Untracked 
|  39|0x0000000709a00000, 0x0000000709a00000, 0x0000000709c00000|  0%| F|  |TAMS 0x0000000709a00000, 0x0000000709a00000| Untracked 
|  40|0x0000000709c00000, 0x0000000709c00000, 0x0000000709e00000|  0%| F|  |TAMS 0x0000000709c00000, 0x0000000709c00000| Untracked 
|  41|0x0000000709e00000, 0x0000000709e00000, 0x000000070a000000|  0%| F|  |TAMS 0x0000000709e00000, 0x0000000709e00000| Untracked 
|  42|0x000000070a000000, 0x000000070a000000, 0x000000070a200000|  0%| F|  |TAMS 0x000000070a000000, 0x000000070a000000| Untracked 
|  43|0x000000070a200000, 0x000000070a200000, 0x000000070a400000|  0%| F|  |TAMS 0x000000070a200000, 0x000000070a200000| Untracked 
|  44|0x000000070a400000, 0x000000070a400000, 0x000000070a600000|  0%| F|  |TAMS 0x000000070a400000, 0x000000070a400000| Untracked 
|  45|0x000000070a600000, 0x000000070a600000, 0x000000070a800000|  0%| F|  |TAMS 0x000000070a600000, 0x000000070a600000| Untracked 
|  46|0x000000070a800000, 0x000000070a800000, 0x000000070aa00000|  0%| F|  |TAMS 0x000000070a800000, 0x000000070a800000| Untracked 
|  47|0x000000070aa00000, 0x000000070aa00000, 0x000000070ac00000|  0%| F|  |TAMS 0x000000070aa00000, 0x000000070aa00000| Untracked 
|  48|0x000000070ac00000, 0x000000070ac00000, 0x000000070ae00000|  0%| F|  |TAMS 0x000000070ac00000, 0x000000070ac00000| Untracked 
|  49|0x000000070ae00000, 0x000000070ae00000, 0x000000070b000000|  0%| F|  |TAMS 0x000000070ae00000, 0x000000070ae00000| Untracked 
|  50|0x000000070b000000, 0x000000070b000000, 0x000000070b200000|  0%| F|  |TAMS 0x000000070b000000, 0x000000070b000000| Untracked 
|  51|0x000000070b200000, 0x000000070b200000, 0x000000070b400000|  0%| F|  |TAMS 0x000000070b200000, 0x000000070b200000| Untracked 
|  52|0x000000070b400000, 0x000000070b400000, 0x000000070b600000|  0%| F|  |TAMS 0x000000070b400000, 0x000000070b400000| Untracked 
|  53|0x000000070b600000, 0x000000070b600000, 0x000000070b800000|  0%| F|  |TAMS 0x000000070b600000, 0x000000070b600000| Untracked 
|  54|0x000000070b800000, 0x000000070b800000, 0x000000070ba00000|  0%| F|  |TAMS 0x000000070b800000, 0x000000070b800000| Untracked 
|  55|0x000000070ba00000, 0x000000070ba00000, 0x000000070bc00000|  0%| F|  |TAMS 0x000000070ba00000, 0x000000070ba00000| Untracked 
|  56|0x000000070bc00000, 0x000000070bc00000, 0x000000070be00000|  0%| F|  |TAMS 0x000000070bc00000, 0x000000070bc00000| Untracked 
|  57|0x000000070be00000, 0x000000070be00000, 0x000000070c000000|  0%| F|  |TAMS 0x000000070be00000, 0x000000070be00000| Untracked 
|  58|0x000000070c000000, 0x000000070c000000, 0x000000070c200000|  0%| F|  |TAMS 0x000000070c000000, 0x000000070c000000| Untracked 
|  59|0x000000070c200000, 0x000000070c200000, 0x000000070c400000|  0%| F|  |TAMS 0x000000070c200000, 0x000000070c200000| Untracked 
|  60|0x000000070c400000, 0x000000070c400000, 0x000000070c600000|  0%| F|  |TAMS 0x000000070c400000, 0x000000070c400000| Untracked 
|  61|0x000000070c600000, 0x000000070c600000, 0x000000070c800000|  0%| F|  |TAMS 0x000000070c600000, 0x000000070c600000| Untracked 
|  62|0x000000070c800000, 0x000000070c800000, 0x000000070ca00000|  0%| F|  |TAMS 0x000000070c800000, 0x000000070c800000| Untracked 
|  63|0x000000070ca00000, 0x000000070ca00000, 0x000000070cc00000|  0%| F|  |TAMS 0x000000070ca00000, 0x000000070ca00000| Untracked 
|  64|0x000000070cc00000, 0x000000070cc00000, 0x000000070ce00000|  0%| F|  |TAMS 0x000000070cc00000, 0x000000070cc00000| Untracked 
|  65|0x000000070ce00000, 0x000000070ce00000, 0x000000070d000000|  0%| F|  |TAMS 0x000000070ce00000, 0x000000070ce00000| Untracked 
|  66|0x000000070d000000, 0x000000070d000000, 0x000000070d200000|  0%| F|  |TAMS 0x000000070d000000, 0x000000070d000000| Untracked 
|  67|0x000000070d200000, 0x000000070d200000, 0x000000070d400000|  0%| F|  |TAMS 0x000000070d200000, 0x000000070d200000| Untracked 
|  68|0x000000070d400000, 0x000000070d400000, 0x000000070d600000|  0%| F|  |TAMS 0x000000070d400000, 0x000000070d400000| Untracked 
|  69|0x000000070d600000, 0x000000070d600000, 0x000000070d800000|  0%| F|  |TAMS 0x000000070d600000, 0x000000070d600000| Untracked 
|  70|0x000000070d800000, 0x000000070d800000, 0x000000070da00000|  0%| F|  |TAMS 0x000000070d800000, 0x000000070d800000| Untracked 
|  71|0x000000070da00000, 0x000000070da00000, 0x000000070dc00000|  0%| F|  |TAMS 0x000000070da00000, 0x000000070da00000| Untracked 
|  72|0x000000070dc00000, 0x000000070dc00000, 0x000000070de00000|  0%| F|  |TAMS 0x000000070dc00000, 0x000000070dc00000| Untracked 
|  73|0x000000070de00000, 0x000000070de00000, 0x000000070e000000|  0%| F|  |TAMS 0x000000070de00000, 0x000000070de00000| Untracked 
|  74|0x000000070e000000, 0x000000070e000000, 0x000000070e200000|  0%| F|  |TAMS 0x000000070e000000, 0x000000070e000000| Untracked 
|  75|0x000000070e200000, 0x000000070e200000, 0x000000070e400000|  0%| F|  |TAMS 0x000000070e200000, 0x000000070e200000| Untracked 
|  76|0x000000070e400000, 0x000000070e400000, 0x000000070e600000|  0%| F|  |TAMS 0x000000070e400000, 0x000000070e400000| Untracked 
|  77|0x000000070e600000, 0x000000070e600000, 0x000000070e800000|  0%| F|  |TAMS 0x000000070e600000, 0x000000070e600000| Untracked 
|  78|0x000000070e800000, 0x000000070e800000, 0x000000070ea00000|  0%| F|  |TAMS 0x000000070e800000, 0x000000070e800000| Untracked 
|  79|0x000000070ea00000, 0x000000070ea00000, 0x000000070ec00000|  0%| F|  |TAMS 0x000000070ea00000, 0x000000070ea00000| Untracked 
|  80|0x000000070ec00000, 0x000000070ec00000, 0x000000070ee00000|  0%| F|  |TAMS 0x000000070ec00000, 0x000000070ec00000| Untracked 
|  81|0x000000070ee00000, 0x000000070ee00000, 0x000000070f000000|  0%| F|  |TAMS 0x000000070ee00000, 0x000000070ee00000| Untracked 
|  82|0x000000070f000000, 0x000000070f000000, 0x000000070f200000|  0%| F|  |TAMS 0x000000070f000000, 0x000000070f000000| Untracked 
|  83|0x000000070f200000, 0x000000070f200000, 0x000000070f400000|  0%| F|  |TAMS 0x000000070f200000, 0x000000070f200000| Untracked 
|  84|0x000000070f400000, 0x000000070f400000, 0x000000070f600000|  0%| F|  |TAMS 0x000000070f400000, 0x000000070f400000| Untracked 
|  85|0x000000070f600000, 0x000000070f600000, 0x000000070f800000|  0%| F|  |TAMS 0x000000070f600000, 0x000000070f600000| Untracked 
|  86|0x000000070f800000, 0x000000070f800000, 0x000000070fa00000|  0%| F|  |TAMS 0x000000070f800000, 0x000000070f800000| Untracked 
|  87|0x000000070fa00000, 0x000000070fa00000, 0x000000070fc00000|  0%| F|  |TAMS 0x000000070fa00000, 0x000000070fa00000| Untracked 
|  88|0x000000070fc00000, 0x000000070fc00000, 0x000000070fe00000|  0%| F|  |TAMS 0x000000070fc00000, 0x000000070fc00000| Untracked 
|  89|0x000000070fe00000, 0x000000070fe00000, 0x0000000710000000|  0%| F|  |TAMS 0x000000070fe00000, 0x000000070fe00000| Untracked 
|  90|0x0000000710000000, 0x0000000710000000, 0x0000000710200000|  0%| F|  |TAMS 0x0000000710000000, 0x0000000710000000| Untracked 
|  91|0x0000000710200000, 0x0000000710200000, 0x0000000710400000|  0%| F|  |TAMS 0x0000000710200000, 0x0000000710200000| Untracked 
|  92|0x0000000710400000, 0x0000000710400000, 0x0000000710600000|  0%| F|  |TAMS 0x0000000710400000, 0x0000000710400000| Untracked 
|  93|0x0000000710600000, 0x0000000710600000, 0x0000000710800000|  0%| F|  |TAMS 0x0000000710600000, 0x0000000710600000| Untracked 
|  94|0x0000000710800000, 0x0000000710800000, 0x0000000710a00000|  0%| F|  |TAMS 0x0000000710800000, 0x0000000710800000| Untracked 
|  95|0x0000000710a00000, 0x0000000710a00000, 0x0000000710c00000|  0%| F|  |TAMS 0x0000000710a00000, 0x0000000710a00000| Untracked 
|  96|0x0000000710c00000, 0x0000000710c00000, 0x0000000710e00000|  0%| F|  |TAMS 0x0000000710c00000, 0x0000000710c00000| Untracked 
|  97|0x0000000710e00000, 0x0000000710e00000, 0x0000000711000000|  0%| F|  |TAMS 0x0000000710e00000, 0x0000000710e00000| Untracked 
|  98|0x0000000711000000, 0x0000000711000000, 0x0000000711200000|  0%| F|  |TAMS 0x0000000711000000, 0x0000000711000000| Untracked 
|  99|0x0000000711200000, 0x0000000711200000, 0x0000000711400000|  0%| F|  |TAMS 0x0000000711200000, 0x0000000711200000| Untracked 
| 100|0x0000000711400000, 0x0000000711400000, 0x0000000711600000|  0%| F|  |TAMS 0x0000000711400000, 0x0000000711400000| Untracked 
| 101|0x0000000711600000, 0x0000000711600000, 0x0000000711800000|  0%| F|  |TAMS 0x0000000711600000, 0x0000000711600000| Untracked 
| 102|0x0000000711800000, 0x0000000711800000, 0x0000000711a00000|  0%| F|  |TAMS 0x0000000711800000, 0x0000000711800000| Untracked 
| 103|0x0000000711a00000, 0x0000000711a00000, 0x0000000711c00000|  0%| F|  |TAMS 0x0000000711a00000, 0x0000000711a00000| Untracked 
| 104|0x0000000711c00000, 0x0000000711c00000, 0x0000000711e00000|  0%| F|  |TAMS 0x0000000711c00000, 0x0000000711c00000| Untracked 
| 105|0x0000000711e00000, 0x0000000711e00000, 0x0000000712000000|  0%| F|  |TAMS 0x0000000711e00000, 0x0000000711e00000| Untracked 
| 106|0x0000000712000000, 0x0000000712000000, 0x0000000712200000|  0%| F|  |TAMS 0x0000000712000000, 0x0000000712000000| Untracked 
| 107|0x0000000712200000, 0x0000000712200000, 0x0000000712400000|  0%| F|  |TAMS 0x0000000712200000, 0x0000000712200000| Untracked 
| 108|0x0000000712400000, 0x0000000712400000, 0x0000000712600000|  0%| F|  |TAMS 0x0000000712400000, 0x0000000712400000| Untracked 
| 109|0x0000000712600000, 0x0000000712600000, 0x0000000712800000|  0%| F|  |TAMS 0x0000000712600000, 0x0000000712600000| Untracked 
| 110|0x0000000712800000, 0x0000000712800000, 0x0000000712a00000|  0%| F|  |TAMS 0x0000000712800000, 0x0000000712800000| Untracked 
| 111|0x0000000712a00000, 0x0000000712a00000, 0x0000000712c00000|  0%| F|  |TAMS 0x0000000712a00000, 0x0000000712a00000| Untracked 
| 112|0x0000000712c00000, 0x0000000712c00000, 0x0000000712e00000|  0%| F|  |TAMS 0x0000000712c00000, 0x0000000712c00000| Untracked 
| 113|0x0000000712e00000, 0x0000000712e00000, 0x0000000713000000|  0%| F|  |TAMS 0x0000000712e00000, 0x0000000712e00000| Untracked 
| 114|0x0000000713000000, 0x0000000713000000, 0x0000000713200000|  0%| F|  |TAMS 0x0000000713000000, 0x0000000713000000| Untracked 
| 115|0x0000000713200000, 0x0000000713200000, 0x0000000713400000|  0%| F|  |TAMS 0x0000000713200000, 0x0000000713200000| Untracked 
| 116|0x0000000713400000, 0x0000000713400000, 0x0000000713600000|  0%| F|  |TAMS 0x0000000713400000, 0x0000000713400000| Untracked 
| 117|0x0000000713600000, 0x0000000713600000, 0x0000000713800000|  0%| F|  |TAMS 0x0000000713600000, 0x0000000713600000| Untracked 
| 118|0x0000000713800000, 0x0000000713800000, 0x0000000713a00000|  0%| F|  |TAMS 0x0000000713800000, 0x0000000713800000| Untracked 
| 119|0x0000000713a00000, 0x0000000713a00000, 0x0000000713c00000|  0%| F|  |TAMS 0x0000000713a00000, 0x0000000713a00000| Untracked 
| 120|0x0000000713c00000, 0x0000000713c00000, 0x0000000713e00000|  0%| F|  |TAMS 0x0000000713c00000, 0x0000000713c00000| Untracked 
| 121|0x0000000713e00000, 0x0000000713e00000, 0x0000000714000000|  0%| F|  |TAMS 0x0000000713e00000, 0x0000000713e00000| Untracked 
| 122|0x0000000714000000, 0x00000007141c9098, 0x0000000714200000| 89%| E|  |TAMS 0x0000000714000000, 0x0000000714000000| Complete 
| 123|0x0000000714200000, 0x0000000714400000, 0x0000000714400000|100%| E|CS|TAMS 0x0000000714200000, 0x0000000714200000| Complete 
| 124|0x0000000714400000, 0x0000000714600000, 0x0000000714600000|100%| E|CS|TAMS 0x0000000714400000, 0x0000000714400000| Complete 
| 125|0x0000000714600000, 0x0000000714800000, 0x0000000714800000|100%| E|CS|TAMS 0x0000000714600000, 0x0000000714600000| Complete 

Card table byte_map: [0x00000223fdef0000,0x00000223fe6d0000] _byte_map_base: 0x00000223fa6ca000

Marking Bits (Prev, Next): (CMBitMap*) 0x00000223fd34da90, (CMBitMap*) 0x00000223fd34dad0
 Prev Bits: [0x0000022396730000, 0x000002239a600000)
 Next Bits: [0x000002239a600000, 0x000002239e4d0000)

Polling page: 0x00000223fb290000

Metaspace:

Usage:
  Non-class:    595.24 KB used.
      Class:     48.05 KB used.
       Both:    643.29 KB used.

Virtual space:
  Non-class space:        8.00 MB reserved,     640.00 KB (  8%) committed,  1 nodes.
      Class space:        1.00 GB reserved,     128.00 KB ( <1%) committed,  1 nodes.
             Both:        1.01 GB reserved,     768.00 KB ( <1%) committed. 

Chunk freelists:
   Non-Class:  3.94 MB
       Class:  3.74 MB
        Both:  7.68 MB

MaxMetaspaceSize: unlimited
CompressedClassSpaceSize: 1.00 GB
Initial GC threshold: 21.00 MB
Current GC threshold: 21.00 MB
CDS: on
MetaspaceReclaimPolicy: balanced
 - commit_granule_bytes: 65536.
 - commit_granule_words: 8192.
 - virtual_space_node_default_size: 1048576.
 - enlarge_chunks_in_place: 1.
 - new_chunks_are_fully_committed: 0.
 - uncommit_free_chunks: 1.
 - use_allocation_guard: 0.
 - handle_deallocations: 1.


Internal statistics:

num_allocs_failed_limit: 0.
num_arena_births: 8.
num_arena_deaths: 0.
num_vsnodes_births: 2.
num_vsnodes_deaths: 0.
num_space_committed: 12.
num_space_uncommitted: 0.
num_chunks_returned_to_freelist: 0.
num_chunks_taken_from_freelist: 16.
num_chunk_merges: 0.
num_chunk_splits: 8.
num_chunks_enlarged: 4.
num_purges: 0.
num_inconsistent_stats: 0.

CodeHeap 'non-profiled nmethods': size=120000Kb used=115Kb max_used=115Kb free=119884Kb
 bounds [0x000002238f200000, 0x000002238f470000, 0x0000022396730000]
CodeHeap 'profiled nmethods': size=120000Kb used=487Kb max_used=487Kb free=119512Kb
 bounds [0x0000022387cd0000, 0x0000022387f40000, 0x000002238f200000]
CodeHeap 'non-nmethods': size=5760Kb used=1120Kb max_used=1135Kb free=4639Kb
 bounds [0x0000022387730000, 0x00000223879a0000, 0x0000022387cd0000]
 total_blobs=754 nmethods=368 adapters=299
 compilation: enabled
              stopped_count=0, restarted_count=0
 full_count=0

Compilation events (20 events):
Event: 0.381 Thread 0x00000223a1035870 nmethod 343 0x0000022387d41710 code [0x0000022387d418c0, 0x0000022387d41ad8]
Event: 0.381 Thread 0x00000223a1035870  344       1       java.util.KeyValueHolder::getKey (5 bytes)
Event: 0.381 Thread 0x00000223a1035870 nmethod 344 0x000002238f21a590 code [0x000002238f21a720, 0x000002238f21a7f8]
Event: 0.381 Thread 0x00000223a1035870  345       1       java.util.KeyValueHolder::getValue (5 bytes)
Event: 0.381 Thread 0x00000223a1035870 nmethod 345 0x000002238f21a890 code [0x000002238f21aa20, 0x000002238f21aaf8]
Event: 0.381 Thread 0x00000223a1035870  349       3       java.util.concurrent.ConcurrentHashMap::putIfAbsent (8 bytes)
Event: 0.381 Thread 0x00000223a1035870 nmethod 349 0x0000022387d41c10 code [0x0000022387d41da0, 0x0000022387d41ee8]
Event: 0.381 Thread 0x00000223a1035870  347       1       java.lang.module.ModuleDescriptor::packages (5 bytes)
Event: 0.381 Thread 0x00000223a1035870 nmethod 347 0x000002238f21ab90 code [0x000002238f21ad20, 0x000002238f21adf8]
Event: 0.381 Thread 0x00000223a1035870  348       1       java.lang.module.ResolvedModule::reference (5 bytes)
Event: 0.381 Thread 0x00000223a1035870 nmethod 348 0x000002238f21ae90 code [0x000002238f21b020, 0x000002238f21b0f8]
Event: 0.381 Thread 0x00000223a1035870  350       3       java.util.Optional::orElse (16 bytes)
Event: 0.381 Thread 0x00000223a1035870 nmethod 350 0x0000022387d41f90 code [0x0000022387d42120, 0x0000022387d422b8]
Event: 0.381 Thread 0x00000223a1035870  353       3       java.lang.String::getBytes (46 bytes)
Event: 0.381 Thread 0x00000223a1035870 nmethod 353 0x0000022387d42390 code [0x0000022387d42560, 0x0000022387d42878]
Event: 0.382 Thread 0x00000223a1035870  356       3       java.lang.Math::max (11 bytes)
Event: 0.382 Thread 0x00000223a1035870 nmethod 356 0x0000022387d42990 code [0x0000022387d42b20, 0x0000022387d42c58]
Event: 0.382 Thread 0x00000223a1035870  355       3       java.lang.AbstractStringBuilder::append (45 bytes)
Event: 0.382 Thread 0x00000223a1035870 nmethod 355 0x0000022387d42d10 code [0x0000022387d42ee0, 0x0000022387d43228]
Event: 0.382 Thread 0x00000223a1035870  357       3       java.lang.StringLatin1::newString (24 bytes)

GC Heap History (0 events):
No events

Deoptimization events (20 events):
Event: 0.367 Thread 0x00000223fd2fd900 DEOPT PACKING pc=0x0000022387d04e56 sp=0x000000f396afdf40
Event: 0.367 Thread 0x00000223fd2fd900 DEOPT UNPACKING pc=0x0000022387786763 sp=0x000000f396afd3c8 mode 0
Event: 0.367 Thread 0x00000223fd2fd900 DEOPT PACKING pc=0x0000022387d04e56 sp=0x000000f396afdf40
Event: 0.367 Thread 0x00000223fd2fd900 DEOPT UNPACKING pc=0x0000022387786763 sp=0x000000f396afd3c8 mode 0
Event: 0.367 Thread 0x00000223fd2fd900 DEOPT PACKING pc=0x0000022387d04e56 sp=0x000000f396afdf40
Event: 0.367 Thread 0x00000223fd2fd900 DEOPT UNPACKING pc=0x0000022387786763 sp=0x000000f396afd3c8 mode 0
Event: 0.370 Thread 0x00000223fd2fd900 DEOPT PACKING pc=0x0000022387ce68e7 sp=0x000000f396afdee0
Event: 0.370 Thread 0x00000223fd2fd900 DEOPT UNPACKING pc=0x0000022387786763 sp=0x000000f396afd300 mode 0
Event: 0.378 Thread 0x00000223fd2fd900 Uncommon trap: trap_request=0xffffff45 fr.pc=0x000002238f2151bc relative=0x000000000000067c
Event: 0.378 Thread 0x00000223fd2fd900 Uncommon trap: reason=unstable_if action=reinterpret pc=0x000002238f2151bc method=java.util.ImmutableCollections$SetN.probe(Ljava/lang/Object;)I @ 34 c2
Event: 0.378 Thread 0x00000223fd2fd900 DEOPT PACKING pc=0x000002238f2151bc sp=0x000000f396afeed0
Event: 0.378 Thread 0x00000223fd2fd900 DEOPT UNPACKING pc=0x0000022387785c23 sp=0x000000f396afee70 mode 2
Event: 0.381 Thread 0x00000223fd2fd900 Uncommon trap: trap_request=0xffffff45 fr.pc=0x000002238f216998 relative=0x00000000000004f8
Event: 0.381 Thread 0x00000223fd2fd900 Uncommon trap: reason=unstable_if action=reinterpret pc=0x000002238f216998 method=java.lang.StringLatin1.newString([BII)Ljava/lang/String; @ 1 c2
Event: 0.381 Thread 0x00000223fd2fd900 DEOPT PACKING pc=0x000002238f216998 sp=0x000000f396afed20
Event: 0.381 Thread 0x00000223fd2fd900 DEOPT UNPACKING pc=0x0000022387785c23 sp=0x000000f396afec80 mode 2
Event: 0.381 Thread 0x00000223fd2fd900 Uncommon trap: trap_request=0xffffff45 fr.pc=0x000002238f21443c relative=0x000000000000041c
Event: 0.381 Thread 0x00000223fd2fd900 Uncommon trap: reason=unstable_if action=reinterpret pc=0x000002238f21443c method=java.lang.StringLatin1.newString([BII)Ljava/lang/String; @ 1 c2
Event: 0.381 Thread 0x00000223fd2fd900 DEOPT PACKING pc=0x000002238f21443c sp=0x000000f396afeca0
Event: 0.381 Thread 0x00000223fd2fd900 DEOPT UNPACKING pc=0x0000022387785c23 sp=0x000000f396afec80 mode 2

Classes unloaded (0 events):
No events

Classes redefined (0 events):
No events

Internal exceptions (2 events):
Event: 0.273 Thread 0x00000223fd2fd900 Exception <a 'sun/nio/fs/WindowsException'{0x0000000714723ab0}> (0x0000000714723ab0) 
thrown [t:\workspace\open\src\hotspot\share\prims\jni.cpp, line 516]
Event: 0.273 Thread 0x00000223fd2fd900 Exception <a 'sun/nio/fs/WindowsException'{0x0000000714723f50}> (0x0000000714723f50) 
thrown [t:\workspace\open\src\hotspot\share\prims\jni.cpp, line 516]

VM Operations (4 events):
Event: 0.328 Executing VM operation: HandshakeAllThreads
Event: 0.328 Executing VM operation: HandshakeAllThreads done
Event: 0.377 Executing VM operation: HandshakeAllThreads
Event: 0.377 Executing VM operation: HandshakeAllThreads done

Events (20 events):
Event: 0.274 loading class sun/nio/fs/WindowsPath$WindowsPathWithAttributes done
Event: 0.328 Loaded shared library C:\Program Files\Java\jdk-17.0.1\bin\zip.dll
Event: 0.338 loading class jdk/internal/module/ModuleInfo
Event: 0.338 loading class jdk/internal/module/ModuleInfo done
Event: 0.338 loading class jdk/internal/module/ModuleInfo$CountingDataInput
Event: 0.338 loading class jdk/internal/module/ModuleInfo$CountingDataInput done
Event: 0.338 loading class jdk/internal/module/ModuleInfo$ConstantPool
Event: 0.338 loading class jdk/internal/module/ModuleInfo$ConstantPool done
Event: 0.338 loading class jdk/internal/module/ModuleInfo$ConstantPool$Entry
Event: 0.338 loading class jdk/internal/module/ModuleInfo$ConstantPool$Entry done
Event: 0.338 loading class jdk/internal/module/ModuleInfo$ConstantPool$IndexEntry
Event: 0.338 loading class jdk/internal/module/ModuleInfo$ConstantPool$IndexEntry done
Event: 0.338 loading class jdk/internal/module/ModuleInfo$ConstantPool$ValueEntry
Event: 0.338 loading class jdk/internal/module/ModuleInfo$ConstantPool$ValueEntry done
Event: 0.346 loading class java/util/WeakHashMap$KeyIterator
Event: 0.346 loading class java/util/WeakHashMap$HashIterator
Event: 0.346 loading class java/util/WeakHashMap$HashIterator done
Event: 0.346 loading class java/util/WeakHashMap$KeyIterator done
Event: 0.350 Thread 0x00000223a1139be0 Thread added: 0x00000223a1139be0
Event: 0.352 Thread 0x00000223a1215c00 Thread added: 0x00000223a1215c00


Dynamic libraries:
0x00007ff61f910000 - 0x00007ff61f920000 	C:\Program Files\Java\jdk-17.0.1\bin\javaw.exe
0x00007ff9cfae0000 - 0x00007ff9cfce9000 	C:\WINDOWS\SYSTEM32\ntdll.dll
0x00007ff9cdf60000 - 0x00007ff9ce01d000 	C:\WINDOWS\System32\KERNEL32.DLL
0x00007ff9cd3a0000 - 0x00007ff9cd714000 	C:\WINDOWS\System32\KERNELBASE.dll
0x00007ff9ccfd0000 - 0x00007ff9cd0e1000 	C:\WINDOWS\System32\ucrtbase.dll
0x00007ff9c8b00000 - 0x00007ff9c8b1a000 	C:\Program Files\Java\jdk-17.0.1\bin\VCRUNTIME140.dll
0x00007ff9c8230000 - 0x00007ff9c8248000 	C:\Program Files\Java\jdk-17.0.1\bin\jli.dll
0x00007ff9cf280000 - 0x00007ff9cf32e000 	C:\WINDOWS\System32\ADVAPI32.dll
0x00007ff9cdd00000 - 0x00007ff9cdda3000 	C:\WINDOWS\System32\msvcrt.dll
0x00007ff9cde60000 - 0x00007ff9cdefe000 	C:\WINDOWS\System32\sechost.dll
0x00007ff9cf980000 - 0x00007ff9cfaa0000 	C:\WINDOWS\System32\RPCRT4.dll
0x00007ff9cdaf0000 - 0x00007ff9cdc9c000 	C:\WINDOWS\System32\USER32.dll
0x00007ff9cd890000 - 0x00007ff9cd8b6000 	C:\WINDOWS\System32\win32u.dll
0x00007ff9cf0b0000 - 0x00007ff9cf0d9000 	C:\WINDOWS\System32\GDI32.dll
0x00007ff9b7970000 - 0x00007ff9b7c15000 	C:\WINDOWS\WinSxS\amd64_microsoft.windows.common-controls_6595b64144ccf1df_6.0.22000.120_none_9d947278b86cc467\COMCTL32.dll
0x00007ff9cd0f0000 - 0x00007ff9cd202000 	C:\WINDOWS\System32\gdi32full.dll
0x00007ff9cd210000 - 0x00007ff9cd2ad000 	C:\WINDOWS\System32\msvcp_win.dll
0x00007ff9c13d0000 - 0x00007ff9c13da000 	C:\WINDOWS\SYSTEM32\VERSION.dll
0x00007ff9cf070000 - 0x00007ff9cf0a1000 	C:\WINDOWS\System32\IMM32.DLL
0x00007ff9c9210000 - 0x00007ff9c921c000 	C:\Program Files\Java\jdk-17.0.1\bin\vcruntime140_1.dll
0x00007ff9a5690000 - 0x00007ff9a571d000 	C:\Program Files\Java\jdk-17.0.1\bin\msvcp140.dll
0x00007ff921e20000 - 0x00007ff9229de000 	C:\Program Files\Java\jdk-17.0.1\bin\server\jvm.dll
0x00007ff9ce340000 - 0x00007ff9ce348000 	C:\WINDOWS\System32\PSAPI.DLL
0x00007ff9c6710000 - 0x00007ff9c6743000 	C:\WINDOWS\SYSTEM32\WINMM.dll
0x00007ff994080000 - 0x00007ff994089000 	C:\WINDOWS\SYSTEM32\WSOCK32.dll
0x00007ff9cf200000 - 0x00007ff9cf26f000 	C:\WINDOWS\System32\WS2_32.dll
0x00007ff9cc150000 - 0x00007ff9cc168000 	C:\WINDOWS\SYSTEM32\kernel.appcore.dll
0x00007ff9c81d0000 - 0x00007ff9c81da000 	C:\Program Files\Java\jdk-17.0.1\bin\jimage.dll
0x00007ff9caa40000 - 0x00007ff9cac61000 	C:\WINDOWS\SYSTEM32\DBGHELP.DLL
0x00007ff9b2fb0000 - 0x00007ff9b2fe1000 	C:\WINDOWS\SYSTEM32\dbgcore.DLL
0x00007ff9cd2b0000 - 0x00007ff9cd32f000 	C:\WINDOWS\System32\bcryptPrimitives.dll
0x00007ff9b0560000 - 0x00007ff9b0585000 	C:\Program Files\Java\jdk-17.0.1\bin\java.dll
0x00007ff9407e0000 - 0x00007ff9408b6000 	C:\Program Files\Java\jdk-17.0.1\bin\svml.dll
0x00007ff9ce360000 - 0x00007ff9ceb0f000 	C:\WINDOWS\System32\SHELL32.dll
0x00007ff9cb140000 - 0x00007ff9cb9a8000 	C:\WINDOWS\SYSTEM32\windows.storage.dll
0x00007ff9cf3c0000 - 0x00007ff9cf738000 	C:\WINDOWS\System32\combase.dll
0x00007ff9cafd0000 - 0x00007ff9cb136000 	C:\WINDOWS\SYSTEM32\wintypes.dll
0x00007ff9ce080000 - 0x00007ff9ce16a000 	C:\WINDOWS\System32\SHCORE.dll
0x00007ff9cdca0000 - 0x00007ff9cdcfd000 	C:\WINDOWS\System32\shlwapi.dll
0x00007ff9ccf00000 - 0x00007ff9ccf21000 	C:\WINDOWS\SYSTEM32\profapi.dll
0x00007ff9b0b70000 - 0x00007ff9b0b89000 	C:\Program Files\Java\jdk-17.0.1\bin\net.dll
0x00007ff9c7880000 - 0x00007ff9c798c000 	C:\WINDOWS\SYSTEM32\WINHTTP.dll
0x00007ff9cc5f0000 - 0x00007ff9cc657000 	C:\WINDOWS\system32\mswsock.dll
0x00007ff9b0860000 - 0x00007ff9b0875000 	C:\Program Files\Java\jdk-17.0.1\bin\nio.dll
0x00007ff9acfa0000 - 0x00007ff9acfb8000 	C:\Program Files\Java\jdk-17.0.1\bin\zip.dll

dbghelp: loaded successfully - version: 4.0.5 - missing functions: none
symbol engine: initialized successfully - sym options: 0x614 - pdb path: .;C:\Program Files\Java\jdk-17.0.1\bin;C:\WINDOWS\SYSTEM32;C:\WINDOWS\WinSxS\amd64_microsoft.windows.common-controls_6595b64144ccf1df_6.0.22000.120_none_9d947278b86cc467;C:\Program Files\Java\jdk-17.0.1\bin\server

VM Arguments:
jvm_args: --module-path=C:\Program Files\Java\javafx-sdk-17.0.1\lib --add-modules=javafx.controls,javafx.fxml -Dfile.encoding=Cp1252 -XX:+ShowCodeDetailsInExceptionMessages 
java_command: ServerGUI
java_class_path (initial): C:\Users\nanin\eclipse-workspace\Server\bin;C:\Program Files\Java\javafx-sdk-17.0.1\lib\javafx.base.jar;C:\Program Files\Java\javafx-sdk-17.0.1\lib\javafx.controls.jar;C:\Program Files\Java\javafx-sdk-17.0.1\lib\javafx.fxml.jar;C:\Program Files\Java\javafx-sdk-17.0.1\lib\javafx.graphics.jar;C:\Program Files\Java\javafx-sdk-17.0.1\lib\javafx.media.jar;C:\Program Files\Java\javafx-sdk-17.0.1\lib\javafx.swing.jar;C:\Program Files\Java\javafx-sdk-17.0.1\lib\javafx.web.jar;C:\Program Files\Java\javafx-sdk-17.0.1\lib\javafx-swt.jar
Launcher Type: SUN_STANDARD

[Global flags]
     intx CICompilerCount                          = 4                                         {product} {ergonomic}
     uint ConcGCThreads                            = 2                                         {product} {ergonomic}
     uint G1ConcRefinementThreads                  = 8                                         {product} {ergonomic}
   size_t G1HeapRegionSize                         = 2097152                                   {product} {ergonomic}
    uintx GCDrainStackTargetSize                   = 64                                        {product} {ergonomic}
   size_t InitialHeapSize                          = 264241152                                 {product} {ergonomic}
   size_t MarkStackSize                            = 4194304                                   {product} {ergonomic}
   size_t MaxHeapSize                              = 4215275520                                {product} {ergonomic}
   size_t MaxNewSize                               = 2529165312                                {product} {ergonomic}
   size_t MinHeapDeltaBytes                        = 2097152                                   {product} {ergonomic}
   size_t MinHeapSize                              = 8388608                                   {product} {ergonomic}
    uintx NonNMethodCodeHeapSize                   = 5839372                                {pd product} {ergonomic}
    uintx NonProfiledCodeHeapSize                  = 122909434                              {pd product} {ergonomic}
    uintx ProfiledCodeHeapSize                     = 122909434                              {pd product} {ergonomic}
    uintx ReservedCodeCacheSize                    = 251658240                              {pd product} {ergonomic}
     bool SegmentedCodeCache                       = true                                      {product} {ergonomic}
     bool ShowCodeDetailsInExceptionMessages       = true                                   {manageable} {command line}
   size_t SoftMaxHeapSize                          = 4215275520                             {manageable} {ergonomic}
     bool UseCompressedClassPointers               = true                           {product lp64_product} {ergonomic}
     bool UseCompressedOops                        = true                           {product lp64_product} {ergonomic}
     bool UseG1GC                                  = true                                      {product} {ergonomic}
     bool UseLargePagesIndividualAllocation        = false                                  {pd product} {ergonomic}

Logging:
Log output configuration:
 #0: stdout all=warning uptime,level,tags
 #1: stderr all=off uptime,level,tags

Environment Variables:
PATH=C:/Program Files/Java/jdk-17.0.1/bin/server;C:/Program Files/Java/jdk-17.0.1/bin;C:\Program Files\Common Files\Oracle\Java\javapath;C:\WINDOWS\system32;C:\WINDOWS;C:\WINDOWS\System32\Wbem;C:\WINDOWS\System32\WindowsPowerShell\v1.0\;C:\WINDOWS\System32\OpenSSH\;C:\Users\nanin\AppData\Local\Microsoft\WindowsApps;;C:\Users\nanin\OneDrive\Desktop;
USERNAME=nanin
OS=Windows_NT
PROCESSOR_IDENTIFIER=Intel64 Family 6 Model 140 Stepping 1, GenuineIntel



---------------  S Y S T E M  ---------------

OS:
 Windows 10 , 64 bit Build 22000 (10.0.22000.613)
OS uptime: 7 days 22:43 hours

CPU: total 8 (initial active 8) (4 cores per cpu, 2 threads per core) family 6 model 140 stepping 1 microcode 0x86, cx8, cmov, fxsr, ht, mmx, 3dnowpref, sse, sse2, sse3, ssse3, sse4.1, sse4.2, popcnt, lzcnt, tsc, tscinvbit, avx, avx2, aes, erms, clmul, bmi1, bmi2, adx, avx512f, avx512dq, avx512cd, avx512bw, avx512vl, sha, fma, vzeroupper, avx512_vpopcntdq, avx512_vpclmulqdq, avx512_vaes, avx512_vnni, clflush, clflushopt, clwb, avx512_vbmi2, avx512_vbmi

Memory: 4k page, system-wide physical 16075M (6044M free)
TotalPageFile size 65227M (AvailPageFile size 4M)
current process WorkingSet (physical memory assigned to process): 49M, peak: 49M
current process commit charge ("private bytes"): 350M, peak: 350M

vm_info: Java HotSpot(TM) 64-Bit Server VM (17.0.1+12-LTS-39) for windows-amd64 JRE (17.0.1+12-LTS-39), built on Sep 27 2021 18:41:35 by "mach5one" with MS VC++ 16.8 (VS2019)

END.
